<?xml version="1.0" encoding="UTF-8"?>
<!-- Generated by org.testng.reporters.JUnitReportReporter -->
<testsuite hostname="Prasanth" failures="0" tests="1" name="qa.tests.SauceDemo" time="10.553" errors="0" timestamp="2023-04-24T13:14:40 IST" skipped="0">
  <testcase classname="qa.tests.SauceDemo" name="LoginPageValidation" time="10.553"/>
  <system-out/>
</testsuite> <!-- qa.tests.SauceDemo -->
